abstractPropertyNegative.ts(15,5): error TS1253: Abstract properties can only appear within an abstract class.
abstractPropertyNegative.ts(16,37): error TS1005: '{' expected.
