ambiguousGenericAssertion1.ts(4,10): error TS1109: Expression expected.
ambiguousGenericAssertion1.ts(4,16): error TS1005: ')' expected.
ambiguousGenericAssertion1.ts(4,19): error TS1005: ',' expected.
ambiguousGenericAssertion1.ts(4,21): error TS1005: ';' expected.
