ambientWithStatements.ts(2,5): error TS1036: Statements are not allowed in ambient contexts.
ambientWithStatements.ts(3,5): error TS1104: A 'continue' statement can only be used within an enclosing iteration statement.
ambientWithStatements.ts(11,5): error TS1108: A 'return' statement can only be used within a function body.
