ArrowFunction3.ts(1,12): error TS1005: ',' expected.
ArrowFunction3.ts(1,14): error TS1005: ';' expected.
