assertionTypePredicates1.ts(157,37): error TS1228: A type predicate is only allowed in return type position for functions and methods.
assertionTypePredicates1.ts(158,37): error TS1228: A type predicate is only allowed in return type position for functions and methods.
assertionTypePredicates1.ts(159,37): error TS1228: A type predicate is only allowed in return type position for functions and methods.
assertionTypePredicates1.ts(162,15): error TS1228: A type predicate is only allowed in return type position for functions and methods.
assertionTypePredicates1.ts(163,15): error TS1228: A type predicate is only allowed in return type position for functions and methods.
assertionTypePredicates1.ts(164,15): error TS1228: A type predicate is only allowed in return type position for functions and methods.
assertionTypePredicates1.ts(165,15): error TS1228: A type predicate is only allowed in return type position for functions and methods.
