asyncFunctionDeclaration15_es5.ts(6,23): error TS1055: Type '{}' is not a valid async function return type in ES5 because it does not refer to a Promise-compatible constructor value.
asyncFunctionDeclaration15_es5.ts(7,23): error TS1055: Type 'any' is not a valid async function return type in ES5 because it does not refer to a Promise-compatible constructor value.
asyncFunctionDeclaration15_es5.ts(8,23): error TS1055: Type 'number' is not a valid async function return type in ES5 because it does not refer to a Promise-compatible constructor value.
asyncFunctionDeclaration15_es5.ts(9,23): error TS1055: Type 'PromiseLike' is not a valid async function return type in ES5 because it does not refer to a Promise-compatible constructor value.
asyncFunctionDeclaration15_es5.ts(10,23): error TS1055: Type 'typeof Thenable' is not a valid async function return type in ES5 because it does not refer to a Promise-compatible constructor value.
asyncFunctionDeclaration15_es5.ts(17,16): error TS1058: The return type of an async function must either be a valid promise or must not contain a callable 'then' member.
asyncFunctionDeclaration15_es5.ts(23,25): error TS1320: Type of 'await' operand must either be a valid promise or must not contain a callable 'then' member.
