asyncArrowFunction9_es6.ts(1,37): error TS1005: ',' expected.
asyncArrowFunction9_es6.ts(1,46): error TS1005: ',' expected.
asyncArrowFunction9_es6.ts(1,53): error TS1109: Expression expected.
