awaitUsingDeclarations.11.ts(1,1): error TS1495: 'export' modifier cannot appear on an 'await using' declaration.
awaitUsingDeclarations.11.ts(2,1): error TS1495: 'declare' modifier cannot appear on an 'await using' declaration.
