awaitLiteralValues.ts(2,5): error TS1308: 'await' expressions are only allowed within async functions and at the top levels of modules.
awaitLiteralValues.ts(6,5): error TS1308: 'await' expressions are only allowed within async functions and at the top levels of modules.
awaitLiteralValues.ts(10,5): error TS1308: 'await' expressions are only allowed within async functions and at the top levels of modules.
awaitLiteralValues.ts(14,5): error TS1308: 'await' expressions are only allowed within async functions and at the top levels of modules.
awaitLiteralValues.ts(18,5): error TS1308: 'await' expressions are only allowed within async functions and at the top levels of modules.
awaitLiteralValues.ts(22,5): error TS1308: 'await' expressions are only allowed within async functions and at the top levels of modules.
