awaitInNonAsyncFunction.ts(4,7): error TS1103: 'for await' loops are only allowed within async functions and at the top levels of modules.
awaitInNonAsyncFunction.ts(5,10): error TS1308: 'await' expressions are only allowed within async functions and at the top levels of modules.
awaitInNonAsyncFunction.ts(9,7): error TS1103: 'for await' loops are only allowed within async functions and at the top levels of modules.
awaitInNonAsyncFunction.ts(10,10): error TS1308: 'await' expressions are only allowed within async functions and at the top levels of modules.
awaitInNonAsyncFunction.ts(14,7): error TS1103: 'for await' loops are only allowed within async functions and at the top levels of modules.
awaitInNonAsyncFunction.ts(15,3): error TS1308: 'await' expressions are only allowed within async functions and at the top levels of modules.
awaitInNonAsyncFunction.ts(19,7): error TS1103: 'for await' loops are only allowed within async functions and at the top levels of modules.
awaitInNonAsyncFunction.ts(20,10): error TS1308: 'await' expressions are only allowed within async functions and at the top levels of modules.
awaitInNonAsyncFunction.ts(24,7): error TS1103: 'for await' loops are only allowed within async functions and at the top levels of modules.
awaitInNonAsyncFunction.ts(25,9): error TS1308: 'await' expressions are only allowed within async functions and at the top levels of modules.
awaitInNonAsyncFunction.ts(30,9): error TS1103: 'for await' loops are only allowed within async functions and at the top levels of modules.
awaitInNonAsyncFunction.ts(31,5): error TS1308: 'await' expressions are only allowed within async functions and at the top levels of modules.
awaitInNonAsyncFunction.ts(34,7): error TS1103: 'for await' loops are only allowed within async functions and at the top levels of modules.
awaitInNonAsyncFunction.ts(35,5): error TS1308: 'await' expressions are only allowed within async functions and at the top levels of modules.
awaitInNonAsyncFunction.ts(39,5): error TS1432: Top-level 'for await' loops are only allowed when the 'module' option is set to 'es2022', 'esnext', 'system', 'node16', 'node18', 'node20', 'nodenext', or 'preserve', and the 'target' option is set to 'es2017' or higher.
awaitInNonAsyncFunction.ts(40,1): error TS1378: Top-level 'await' expressions are only allowed when the 'module' option is set to 'es2022', 'esnext', 'system', 'node16', 'node18', 'node20', 'nodenext', or 'preserve', and the 'target' option is set to 'es2017' or higher.
