awaitUsingDeclarationsInForAwaitOf.3.ts(5,23): error TS1123: Variable declaration list cannot be empty.
awaitUsingDeclarationsInForAwaitOf.3.ts(8,25): error TS1123: Variable declaration list cannot be empty.
