awaitUsingDeclarationsInForAwaitOf.3.ts(5,5): error TS1432: Top-level 'for await' loops are only allowed when the 'module' option is set to 'es2022', 'esnext', 'system', 'node16', 'node18', 'node20', 'nodenext', or 'preserve', and the 'target' option is set to 'es2017' or higher.
awaitUsingDeclarationsInForAwaitOf.3.ts(5,23): error TS1123: Variable declaration list cannot be empty.
awaitUsingDeclarationsInForAwaitOf.3.ts(8,25): error TS1123: Variable declaration list cannot be empty.
