await_unaryExpression_es2017_3.ts(2,7): error TS1109: Expression expected.
await_unaryExpression_es2017_3.ts(6,7): error TS1109: Expression expected.
