bases.ts(7,15): error TS1005: ';' expected.
bases.ts(13,15): error TS1005: ';' expected.
