binaryIntegerLiteralError.ts(2,17): error TS1005: ',' expected.
binaryIntegerLiteralError.ts(3,17): error TS1005: ',' expected.
