blockScopedSameNameFunctionDeclarationStrictES5.ts(4,18): error TS1250: Function declarations are not allowed inside blocks in strict mode when targeting 'ES5'.
blockScopedSameNameFunctionDeclarationStrictES5.ts(9,18): error TS1250: Function declarations are not allowed inside blocks in strict mode when targeting 'ES5'.
