checkJsxNamespaceNamesQuestionableForms.tsx(12,5): error TS1003: Identifier expected.
checkJsxNamespaceNamesQuestionableForms.tsx(12,13): error TS1005: '>' expected.
checkJsxNamespaceNamesQuestionableForms.tsx(12,16): error TS1109: Expression expected.
