classStaticBlock6.ts(8,13): error TS1210: Code contained in a class is evaluated in JavaScript's strict mode which does not allow this use of 'arguments'. For more information, see https://developer.mozilla.org/en-US/docs/Web/JavaScript/Reference/Strict_mode.
classStaticBlock6.ts(9,13): error TS1210: Code contained in a class is evaluated in JavaScript's strict mode which does not allow this use of 'eval'. For more information, see https://developer.mozilla.org/en-US/docs/Web/JavaScript/Reference/Strict_mode.
classStaticBlock6.ts(13,14): error TS1109: Expression expected.
classStaticBlock6.ts(18,14): error TS1109: Expression expected.
classStaticBlock6.ts(42,18): error TS1109: Expression expected.
classStaticBlock6.ts(46,22): error TS1109: Expression expected.
