class2.ts(1,29): error TS1128: Declaration or statement expected.
class2.ts(1,45): error TS1128: Declaration or statement expected.
