classMemberWithMissingIdentifier2.ts(2,11): error TS1146: Declaration expected.
classMemberWithMissingIdentifier2.ts(2,12): error TS1005: ';' expected.
classMemberWithMissingIdentifier2.ts(2,18): error TS1005: ',' expected.
classMemberWithMissingIdentifier2.ts(2,26): error TS1005: ';' expected.
classMemberWithMissingIdentifier2.ts(3,1): error TS1128: Declaration or statement expected.
