ClassDeclaration26.ts(2,18): error TS1440: Variable declaration not allowed at this location.
ClassDeclaration26.ts(4,5): error TS1068: Unexpected token. A constructor, method, accessor, or property was expected.
ClassDeclaration26.ts(4,20): error TS1005: ',' expected.
ClassDeclaration26.ts(4,23): error TS1005: '=>' expected.
ClassDeclaration26.ts(5,1): error TS1128: Declaration or statement expected.
