classAbstractAccessor.ts(3,17): error TS1318: An abstract accessor cannot have an implementation.
classAbstractAccessor.ts(5,17): error TS1318: An abstract accessor cannot have an implementation.
