classAbstractDeclarations.d.ts(2,5): error TS1242: 'abstract' modifier can only appear on a class, method, or property declaration.
classAbstractDeclarations.d.ts(2,28): error TS1183: An implementation cannot be declared in ambient contexts.
