classUpdateTests.ts(93,3): error TS1128: Declaration or statement expected.
classUpdateTests.ts(95,1): error TS1128: Declaration or statement expected.
classUpdateTests.ts(99,3): error TS1128: Declaration or statement expected.
classUpdateTests.ts(101,1): error TS1128: Declaration or statement expected.
classUpdateTests.ts(105,3): error TS1128: Declaration or statement expected.
classUpdateTests.ts(105,10): error TS1434: Unexpected keyword or identifier.
classUpdateTests.ts(105,14): error TS1068: Unexpected token. A constructor, method, accessor, or property was expected.
classUpdateTests.ts(107,1): error TS1128: Declaration or statement expected.
classUpdateTests.ts(111,3): error TS1128: Declaration or statement expected.
classUpdateTests.ts(111,11): error TS1434: Unexpected keyword or identifier.
classUpdateTests.ts(111,15): error TS1068: Unexpected token. A constructor, method, accessor, or property was expected.
classUpdateTests.ts(113,1): error TS1128: Declaration or statement expected.
