commonMissingSemicolons.ts(2,1): error TS1435: Unknown keyword or identifier. Did you mean 'async'?
commonMissingSemicolons.ts(3,1): error TS1435: Unknown keyword or identifier. Did you mean 'async'?
commonMissingSemicolons.ts(8,33): error TS1005: ';' expected.
commonMissingSemicolons.ts(11,1): error TS1435: Unknown keyword or identifier. Did you mean 'class'?
commonMissingSemicolons.ts(11,7): error TS1434: Unexpected keyword or identifier.
commonMissingSemicolons.ts(12,1): error TS1435: Unknown keyword or identifier. Did you mean 'class'?
commonMissingSemicolons.ts(12,8): error TS1434: Unexpected keyword or identifier.
commonMissingSemicolons.ts(15,1): error TS1435: Unknown keyword or identifier. Did you mean 'const'?
commonMissingSemicolons.ts(16,1): error TS1435: Unknown keyword or identifier. Did you mean 'const'?
commonMissingSemicolons.ts(19,1): error TS1435: Unknown keyword or identifier. Did you mean 'declare'?
commonMissingSemicolons.ts(20,9): error TS1435: Unknown keyword or identifier. Did you mean 'const'?
commonMissingSemicolons.ts(21,1): error TS1435: Unknown keyword or identifier. Did you mean 'declare'?
commonMissingSemicolons.ts(21,10): error TS1435: Unknown keyword or identifier. Did you mean 'const'?
commonMissingSemicolons.ts(22,1): error TS1435: Unknown keyword or identifier. Did you mean 'declare const'?
commonMissingSemicolons.ts(25,1): error TS1435: Unknown keyword or identifier. Did you mean 'function'?
commonMissingSemicolons.ts(25,25): error TS1005: ';' expected.
commonMissingSemicolons.ts(26,10): error TS1359: Identifier expected. 'function' is a reserved word that cannot be used here.
commonMissingSemicolons.ts(26,18): error TS1003: Identifier expected.
commonMissingSemicolons.ts(30,1): error TS1435: Unknown keyword or identifier. Did you mean 'interface'?
commonMissingSemicolons.ts(30,12): error TS1435: Unknown keyword or identifier. Did you mean 'interface'?
commonMissingSemicolons.ts(32,11): error TS1438: Interface must be given a name.
commonMissingSemicolons.ts(34,1): error TS1435: Unknown keyword or identifier. Did you mean 'interface MyInterface'?
commonMissingSemicolons.ts(38,1): error TS1435: Unknown keyword or identifier. Did you mean 'let'?
commonMissingSemicolons.ts(41,10): error TS1005: '=' expected.
commonMissingSemicolons.ts(45,1): error TS1435: Unknown keyword or identifier. Did you mean 'type'?
commonMissingSemicolons.ts(46,1): error TS1435: Unknown keyword or identifier. Did you mean 'type'?
commonMissingSemicolons.ts(50,1): error TS1435: Unknown keyword or identifier. Did you mean 'var'?
commonMissingSemicolons.ts(55,3): error TS1068: Unexpected token. A constructor, method, accessor, or property was expected.
commonMissingSemicolons.ts(56,1): error TS1128: Declaration or statement expected.
commonMissingSemicolons.ts(60,3): error TS1068: Unexpected token. A constructor, method, accessor, or property was expected.
commonMissingSemicolons.ts(61,1): error TS1128: Declaration or statement expected.
commonMissingSemicolons.ts(65,3): error TS1068: Unexpected token. A constructor, method, accessor, or property was expected.
commonMissingSemicolons.ts(66,1): error TS1128: Declaration or statement expected.
commonMissingSemicolons.ts(70,11): error TS1005: ';' expected.
commonMissingSemicolons.ts(71,1): error TS1128: Declaration or statement expected.
commonMissingSemicolons.ts(75,11): error TS1005: ';' expected.
commonMissingSemicolons.ts(78,1): error TS1128: Declaration or statement expected.
