compoundExponentiationAssignmentLHSIsValue.ts(43,10): error TS1128: Declaration or statement expected.
compoundExponentiationAssignmentLHSIsValue.ts(52,15): error TS1034: 'super' must be followed by an argument list or member access.
compoundExponentiationAssignmentLHSIsValue.ts(56,15): error TS1034: 'super' must be followed by an argument list or member access.
compoundExponentiationAssignmentLHSIsValue.ts(60,15): error TS1034: 'super' must be followed by an argument list or member access.
compoundExponentiationAssignmentLHSIsValue.ts(65,21): error TS1128: Declaration or statement expected.
compoundExponentiationAssignmentLHSIsValue.ts(66,11): error TS1005: ';' expected.
