compoundAssignmentLHSIsValue.ts(58,9): error TS1128: Declaration or statement expected.
compoundAssignmentLHSIsValue.ts(59,9): error TS1128: Declaration or statement expected.
compoundAssignmentLHSIsValue.ts(69,15): error TS1034: 'super' must be followed by an argument list or member access.
compoundAssignmentLHSIsValue.ts(70,15): error TS1034: 'super' must be followed by an argument list or member access.
compoundAssignmentLHSIsValue.ts(74,15): error TS1034: 'super' must be followed by an argument list or member access.
compoundAssignmentLHSIsValue.ts(75,15): error TS1034: 'super' must be followed by an argument list or member access.
compoundAssignmentLHSIsValue.ts(79,15): error TS1034: 'super' must be followed by an argument list or member access.
compoundAssignmentLHSIsValue.ts(80,15): error TS1034: 'super' must be followed by an argument list or member access.
compoundAssignmentLHSIsValue.ts(85,21): error TS1128: Declaration or statement expected.
compoundAssignmentLHSIsValue.ts(86,21): error TS1128: Declaration or statement expected.
compoundAssignmentLHSIsValue.ts(87,11): error TS1005: ';' expected.
compoundAssignmentLHSIsValue.ts(88,11): error TS1005: ';' expected.
