conditionalOperatorConditionIsObjectType.ts(36,1): error TS1345: An expression of type 'void' cannot be tested for truthiness.
conditionalOperatorConditionIsObjectType.ts(39,1): error TS1345: An expression of type 'void' cannot be tested for truthiness.
conditionalOperatorConditionIsObjectType.ts(58,20): error TS1345: An expression of type 'void' cannot be tested for truthiness.
conditionalOperatorConditionIsObjectType.ts(61,23): error TS1345: An expression of type 'void' cannot be tested for truthiness.
conditionalOperatorConditionIsObjectType.ts(63,32): error TS1345: An expression of type 'void' cannot be tested for truthiness.
