conflictMarkerTrivia4.ts(1,16): error TS1109: Expression expected.
conflictMarkerTrivia4.ts(2,1): error TS1185: Merge conflict marker encountered.
