constructorWithIncompleteTypeAnnotation.ts(11,19): error TS1005: ';' expected.
constructorWithIncompleteTypeAnnotation.ts(22,35): error TS1005: ')' expected.
constructorWithIncompleteTypeAnnotation.ts(24,28): error TS1005: ':' expected.
constructorWithIncompleteTypeAnnotation.ts(24,29): error TS1005: ',' expected.
constructorWithIncompleteTypeAnnotation.ts(27,18): error TS1128: Declaration or statement expected.
constructorWithIncompleteTypeAnnotation.ts(28,30): error TS1005: ',' expected.
constructorWithIncompleteTypeAnnotation.ts(28,34): error TS1005: ';' expected.
constructorWithIncompleteTypeAnnotation.ts(31,18): error TS1109: Expression expected.
constructorWithIncompleteTypeAnnotation.ts(34,26): error TS1005: ';' expected.
constructorWithIncompleteTypeAnnotation.ts(38,17): error TS1109: Expression expected.
constructorWithIncompleteTypeAnnotation.ts(40,41): error TS1005: ';' expected.
constructorWithIncompleteTypeAnnotation.ts(40,45): error TS1002: Unterminated string literal.
constructorWithIncompleteTypeAnnotation.ts(46,13): error TS1005: 'try' expected.
constructorWithIncompleteTypeAnnotation.ts(58,5): error TS1128: Declaration or statement expected.
constructorWithIncompleteTypeAnnotation.ts(69,13): error TS1109: Expression expected.
constructorWithIncompleteTypeAnnotation.ts(72,37): error TS1127: Invalid character.
constructorWithIncompleteTypeAnnotation.ts(81,13): error TS1109: Expression expected.
constructorWithIncompleteTypeAnnotation.ts(90,13): error TS1109: Expression expected.
constructorWithIncompleteTypeAnnotation.ts(105,29): error TS1109: Expression expected.
constructorWithIncompleteTypeAnnotation.ts(106,13): error TS1109: Expression expected.
constructorWithIncompleteTypeAnnotation.ts(138,13): error TS1109: Expression expected.
constructorWithIncompleteTypeAnnotation.ts(141,32): error TS1005: '{' expected.
constructorWithIncompleteTypeAnnotation.ts(143,13): error TS1005: 'try' expected.
constructorWithIncompleteTypeAnnotation.ts(159,24): error TS1109: Expression expected.
constructorWithIncompleteTypeAnnotation.ts(159,30): error TS1005: '{' expected.
constructorWithIncompleteTypeAnnotation.ts(205,28): error TS1109: Expression expected.
constructorWithIncompleteTypeAnnotation.ts(218,10): error TS1068: Unexpected token. A constructor, method, accessor, or property was expected.
constructorWithIncompleteTypeAnnotation.ts(227,13): error TS1109: Expression expected.
constructorWithIncompleteTypeAnnotation.ts(234,14): error TS1005: '{' expected.
constructorWithIncompleteTypeAnnotation.ts(235,9): error TS1128: Declaration or statement expected.
constructorWithIncompleteTypeAnnotation.ts(235,27): error TS1005: ',' expected.
constructorWithIncompleteTypeAnnotation.ts(235,36): error TS1005: ';' expected.
constructorWithIncompleteTypeAnnotation.ts(238,9): error TS1128: Declaration or statement expected.
constructorWithIncompleteTypeAnnotation.ts(238,26): error TS1005: ';' expected.
constructorWithIncompleteTypeAnnotation.ts(241,5): error TS1128: Declaration or statement expected.
constructorWithIncompleteTypeAnnotation.ts(254,69): error TS1110: Type expected.
constructorWithIncompleteTypeAnnotation.ts(256,9): error TS1128: Declaration or statement expected.
constructorWithIncompleteTypeAnnotation.ts(256,31): error TS1005: ',' expected.
constructorWithIncompleteTypeAnnotation.ts(257,9): error TS1128: Declaration or statement expected.
constructorWithIncompleteTypeAnnotation.ts(257,27): error TS1135: Argument expression expected.
constructorWithIncompleteTypeAnnotation.ts(257,33): error TS1005: '(' expected.
constructorWithIncompleteTypeAnnotation.ts(257,43): error TS1109: Expression expected.
constructorWithIncompleteTypeAnnotation.ts(257,59): error TS1011: An element access expression should take an argument.
constructorWithIncompleteTypeAnnotation.ts(257,60): error TS1005: ';' expected.
constructorWithIncompleteTypeAnnotation.ts(257,65): error TS1109: Expression expected.
constructorWithIncompleteTypeAnnotation.ts(259,16): error TS1005: ';' expected.
constructorWithIncompleteTypeAnnotation.ts(259,35): error TS1109: Expression expected.
constructorWithIncompleteTypeAnnotation.ts(259,55): error TS1005: ';' expected.
constructorWithIncompleteTypeAnnotation.ts(261,1): error TS1128: Declaration or statement expected.
