decoratorOnArrowFunction.ts(3,16): error TS1109: Expression expected.
decoratorOnArrowFunction.ts(3,17): error TS1005: ';' expected.
