decoratorOnEnum2.ts(4,5): error TS1132: Enum member expected.
decoratorOnEnum2.ts(4,9): error TS1146: Declaration expected.
decoratorOnEnum2.ts(5,1): error TS1128: Declaration or statement expected.
