derivedUninitializedPropertyDeclaration.ts(12,21): error TS1255: A definite assignment assertion '!' is not permitted in this context.
derivedUninitializedPropertyDeclaration.ts(15,5): error TS1031: 'declare' modifier cannot appear on class elements of this kind.
derivedUninitializedPropertyDeclaration.ts(15,17): error TS1183: An implementation cannot be declared in ambient contexts.
derivedUninitializedPropertyDeclaration.ts(17,24): error TS1039: Initializers are not allowed in ambient contexts.
