derivedClassSuperCallsInNonConstructorMembers.ts(8,13): error TS1441: Cannot start a function call in a type annotation.
derivedClassSuperCallsInNonConstructorMembers.ts(8,14): error TS1068: Unexpected token. A constructor, method, accessor, or property was expected.
derivedClassSuperCallsInNonConstructorMembers.ts(20,20): error TS1441: Cannot start a function call in a type annotation.
derivedClassSuperCallsInNonConstructorMembers.ts(20,21): error TS1068: Unexpected token. A constructor, method, accessor, or property was expected.
