derivedClassSuperProperties.ts(355,20): error TS1345: An expression of type 'void' cannot be tested for truthiness.
derivedClassSuperProperties.ts(379,20): error TS1345: An expression of type 'void' cannot be tested for truthiness.
derivedClassSuperProperties.ts(385,26): error TS1345: An expression of type 'void' cannot be tested for truthiness.
derivedClassSuperProperties.ts(391,17): error TS1345: An expression of type 'void' cannot be tested for truthiness.
