destructuringParameterDeclaration6.ts(7,18): error TS1005: ':' expected.
destructuringParameterDeclaration6.ts(9,14): error TS1181: Array element destructuring pattern expected.
destructuringParameterDeclaration6.ts(9,19): error TS1005: '(' expected.
destructuringParameterDeclaration6.ts(9,21): error TS1109: Expression expected.
destructuringParameterDeclaration6.ts(9,24): error TS1005: '(' expected.
destructuringParameterDeclaration6.ts(9,32): error TS1005: ';' expected.
destructuringParameterDeclaration6.ts(9,33): error TS1128: Declaration or statement expected.
destructuringParameterDeclaration6.ts(10,16): error TS1359: Identifier expected. 'while' is a reserved word that cannot be used here.
destructuringParameterDeclaration6.ts(10,21): error TS1005: '(' expected.
