disallowedBlockScopedInPresenceOfParseErrors1.ts(5,5): error TS1156: 'const' declarations can only be declared inside a block.
disallowedBlockScopedInPresenceOfParseErrors1.ts(8,1): error TS1128: Declaration or statement expected.
disallowedBlockScopedInPresenceOfParseErrors1.ts(12,5): error TS1156: 'let' declarations can only be declared inside a block.
disallowedBlockScopedInPresenceOfParseErrors1.ts(15,1): error TS1128: Declaration or statement expected.
disallowedBlockScopedInPresenceOfParseErrors1.ts(21,5): error TS1156: 'using' declarations can only be declared inside a block.
disallowedBlockScopedInPresenceOfParseErrors1.ts(24,1): error TS1128: Declaration or statement expected.
disallowedBlockScopedInPresenceOfParseErrors1.ts(30,5): error TS1156: 'await using' declarations can only be declared inside a block.
disallowedBlockScopedInPresenceOfParseErrors1.ts(33,1): error TS1128: Declaration or statement expected.
