dontShowCompilerGeneratedMembers.ts(3,6): error TS1139: Type parameter declaration expected.
dontShowCompilerGeneratedMembers.ts(4,1): error TS1109: Expression expected.
