errorRecoveryInClassDeclaration.ts(4,20): error TS1005: ',' expected.
errorRecoveryInClassDeclaration.ts(4,27): error TS1005: ',' expected.
