es6ClassTest9.ts(1,18): error TS1005: '{' expected.
es6ClassTest9.ts(1,19): error TS1109: Expression expected.
