esDecorators-decoratorExpression.3.ts(5,5): error TS1146: Declaration expected.
esDecorators-decoratorExpression.3.ts(7,7): error TS1146: Declaration expected.
