esDecorators-classDeclaration-fields-nonStaticAbstractAccessor.ts(6,5): error TS1206: Decorators are not valid here.
esDecorators-classDeclaration-fields-nonStaticAbstractAccessor.ts(7,5): error TS1206: Decorators are not valid here.
esDecorators-classDeclaration-fields-nonStaticAbstractAccessor.ts(8,5): error TS1206: Decorators are not valid here.
