file13.ts(2,1): error TS1434: Unexpected keyword or identifier.
file14.ts(2,1): error TS1128: Declaration or statement expected.
file14.ts(2,8): error TS1434: Unexpected keyword or identifier.
file15.ts(2,25): error TS1005: ';' expected.
file3.ts(2,8): error TS1206: Decorators are not valid here.
