b.ts(1,1): error TS1128: Declaration or statement expected.
b.ts(1,19): error TS1005: ';' expected.
b.ts(1,22): error TS1434: Unexpected keyword or identifier.
