a.ts(1,17): error TS1262: Identifier expected. 'await' is a reserved word at the top-level of a module.
asyncawait.ts(2,17): error TS1262: Identifier expected. 'await' is a reserved word at the top-level of a module.
c.ts(1,17): error TS1262: Identifier expected. 'await' is a reserved word at the top-level of a module.
d.ts(1,17): error TS1262: Identifier expected. 'await' is a reserved word at the top-level of a module.
e.ts(1,17): error TS1262: Identifier expected. 'await' is a reserved word at the top-level of a module.
