exportNonInitializedVariablesAMD.ts(1,4): error TS1123: Variable declaration list cannot be empty.
exportNonInitializedVariablesAMD.ts(2,1): error TS1214: Identifier expected. 'let' is a reserved word in strict mode. Modules are automatically in strict mode.
exportNonInitializedVariablesAMD.ts(3,6): error TS1123: Variable declaration list cannot be empty.
