extension.ts(16,5): error TS1128: Declaration or statement expected.
extension.ts(16,12): error TS1434: Unexpected keyword or identifier.
