fatarrowfunctionsOptionalArgsErrors2.ts(1,23): error TS1005: ';' expected.
fatarrowfunctionsOptionalArgsErrors2.ts(2,23): error TS1005: ';' expected.
fatarrowfunctionsOptionalArgsErrors2.ts(4,17): error TS1005: ';' expected.
