identifierStartAfterNumericLiteral.ts(1,16): error TS1351: An identifier or keyword cannot immediately follow a numeric literal.
identifierStartAfterNumericLiteral.ts(3,2): error TS1351: An identifier or keyword cannot immediately follow a numeric literal.
identifierStartAfterNumericLiteral.ts(4,4): error TS1351: An identifier or keyword cannot immediately follow a numeric literal.
identifierStartAfterNumericLiteral.ts(5,3): error TS1124: Digit expected.
identifierStartAfterNumericLiteral.ts(6,5): error TS1124: Digit expected.
identifierStartAfterNumericLiteral.ts(7,2): error TS1351: An identifier or keyword cannot immediately follow a numeric literal.
identifierStartAfterNumericLiteral.ts(8,4): error TS1351: An identifier or keyword cannot immediately follow a numeric literal.
identifierStartAfterNumericLiteral.ts(9,1): error TS1352: A bigint literal cannot use exponential notation.
identifierStartAfterNumericLiteral.ts(9,3): error TS1124: Digit expected.
identifierStartAfterNumericLiteral.ts(10,1): error TS1352: A bigint literal cannot use exponential notation.
identifierStartAfterNumericLiteral.ts(10,5): error TS1124: Digit expected.
identifierStartAfterNumericLiteral.ts(11,2): error TS1351: An identifier or keyword cannot immediately follow a numeric literal.
identifierStartAfterNumericLiteral.ts(12,4): error TS1351: An identifier or keyword cannot immediately follow a numeric literal.
identifierStartAfterNumericLiteral.ts(13,4): error TS1351: An identifier or keyword cannot immediately follow a numeric literal.
identifierStartAfterNumericLiteral.ts(14,3): error TS1124: Digit expected.
identifierStartAfterNumericLiteral.ts(15,5): error TS1124: Digit expected.
identifierStartAfterNumericLiteral.ts(18,3): error TS1124: Digit expected.
identifierStartAfterNumericLiteral.ts(19,5): error TS1124: Digit expected.
identifierStartAfterNumericLiteral.ts(22,3): error TS1005: ';' expected.
identifierStartAfterNumericLiteral.ts(23,5): error TS1005: ';' expected.
identifierStartAfterNumericLiteral.ts(24,3): error TS1351: An identifier or keyword cannot immediately follow a numeric literal.
identifierStartAfterNumericLiteral.ts(25,5): error TS1351: An identifier or keyword cannot immediately follow a numeric literal.
identifierStartAfterNumericLiteral.ts(26,5): error TS1351: An identifier or keyword cannot immediately follow a numeric literal.
