importCallExpressionGrammarError.ts(5,8): error TS1325: Argument of dynamic import cannot be spread element.
importCallExpressionGrammarError.ts(7,17): error TS1325: Argument of dynamic import cannot be spread element.
importCallExpressionGrammarError.ts(9,35): error TS1324: Dynamic imports only support a second argument when the '--module' option is set to 'esnext', 'node16', 'node18', 'node20', 'nodenext', or 'preserve'.
