1.ts(2,10): error TS1326: This use of 'import' is invalid. 'import()' calls can be written, but they must have parentheses and cannot have type arguments.
1.ts(3,10): error TS1326: This use of 'import' is invalid. 'import()' calls can be written, but they must have parentheses and cannot have type arguments.
