b.ts(22,5): error TS1005: '}' expected.
b.ts(23,1): error TS1128: Declaration or statement expected.
b.ts(23,2): error TS1128: Declaration or statement expected.
b.ts(27,18): error TS1478: Identifier or string literal expected.
