incrementOperatorWithAnyOtherTypeInvalidOperations.ts(67,7): error TS1005: ';' expected.
incrementOperatorWithAnyOtherTypeInvalidOperations.ts(67,9): error TS1109: Expression expected.
incrementOperatorWithAnyOtherTypeInvalidOperations.ts(68,7): error TS1005: ';' expected.
incrementOperatorWithAnyOtherTypeInvalidOperations.ts(68,9): error TS1109: Expression expected.
incrementOperatorWithAnyOtherTypeInvalidOperations.ts(69,10): error TS1005: ';' expected.
incrementOperatorWithAnyOtherTypeInvalidOperations.ts(69,12): error TS1109: Expression expected.
