inferTypes1.ts(82,12): error TS1338: 'infer' declarations are only permitted in the 'extends' clause of a conditional type.
inferTypes1.ts(83,16): error TS1338: 'infer' declarations are only permitted in the 'extends' clause of a conditional type.
inferTypes1.ts(83,43): error TS1338: 'infer' declarations are only permitted in the 'extends' clause of a conditional type.
inferTypes1.ts(83,53): error TS1338: 'infer' declarations are only permitted in the 'extends' clause of a conditional type.
