instantiateTypeParameter.ts(2,5): error TS1131: Property or signature expected.
instantiateTypeParameter.ts(3,1): error TS1128: Declaration or statement expected.
