instantiationExpressionErrors.ts(7,13): error TS1477: An instantiation expression cannot be followed by a property access.
instantiationExpressionErrors.ts(8,13): error TS1477: An instantiation expression cannot be followed by a property access.
instantiationExpressionErrors.ts(18,29): error TS1109: Expression expected.
instantiationExpressionErrors.ts(23,23): error TS1005: '(' expected.
