interfaceExtendingClass2.ts(13,13): error TS1131: Property or signature expected.
interfaceExtendingClass2.ts(14,9): error TS1128: Declaration or statement expected.
interfaceExtendingClass2.ts(15,5): error TS1128: Declaration or statement expected.
