intTypeCheck.ts(106,20): error TS1109: Expression expected.
intTypeCheck.ts(120,21): error TS1109: Expression expected.
intTypeCheck.ts(134,21): error TS1109: Expression expected.
intTypeCheck.ts(148,21): error TS1109: Expression expected.
intTypeCheck.ts(162,21): error TS1109: Expression expected.
intTypeCheck.ts(176,21): error TS1109: Expression expected.
intTypeCheck.ts(190,21): error TS1109: Expression expected.
intTypeCheck.ts(204,21): error TS1109: Expression expected.
