invalidBinaryIntegerLiteralAndOctalIntegerLiteral.ts(2,16): error TS1177: Binary digit expected.
invalidBinaryIntegerLiteralAndOctalIntegerLiteral.ts(3,17): error TS1177: Binary digit expected.
invalidBinaryIntegerLiteralAndOctalIntegerLiteral.ts(4,15): error TS1178: Octal digit expected.
invalidBinaryIntegerLiteralAndOctalIntegerLiteral.ts(5,15): error TS1178: Octal digit expected.
