invalidForContinueStatements.ts(4,1): error TS1104: A 'continue' statement can only be used within an enclosing iteration statement.
invalidForContinueStatements.ts(8,9): error TS1115: A 'continue' statement can only jump to a label of an enclosing iteration statement.
invalidForContinueStatements.ts(14,9): error TS1107: Jump target cannot cross function boundary.
invalidForContinueStatements.ts(21,9): error TS1107: Jump target cannot cross function boundary.
invalidForContinueStatements.ts(27,5): error TS1115: A 'continue' statement can only jump to a label of an enclosing iteration statement.
invalidForContinueStatements.ts(36,5): error TS1115: A 'continue' statement can only jump to a label of an enclosing iteration statement.
