invalidLetInForOfAndForIn_ES5.ts(5,13): error TS1005: ',' expected.
invalidLetInForOfAndForIn_ES5.ts(5,14): error TS1181: Array element destructuring pattern expected.
invalidLetInForOfAndForIn_ES5.ts(5,19): error TS1005: ';' expected.
invalidLetInForOfAndForIn_ES5.ts(5,20): error TS1128: Declaration or statement expected.
