invalidTaggedTemplateEscapeSequences.ts(8,15): error TS1125: Hexadecimal digit expected.
invalidTaggedTemplateEscapeSequences.ts(8,33): error TS1125: Hexadecimal digit expected.
invalidTaggedTemplateEscapeSequences.ts(8,75): error TS1125: Hexadecimal digit expected.
