invalidForInContinueStatements.ts(4,1): error TS1104: A 'continue' statement can only be used within an enclosing iteration statement.
invalidForInContinueStatements.ts(8,19): error TS1115: A 'continue' statement can only jump to a label of an enclosing iteration statement.
invalidForInContinueStatements.ts(14,9): error TS1107: Jump target cannot cross function boundary.
invalidForInContinueStatements.ts(21,9): error TS1107: Jump target cannot cross function boundary.
invalidForInContinueStatements.ts(27,5): error TS1115: A 'continue' statement can only jump to a label of an enclosing iteration statement.
invalidForInContinueStatements.ts(37,5): error TS1115: A 'continue' statement can only jump to a label of an enclosing iteration statement.
