a.tsx(11,7): error TS1109: Expression expected.
a.tsx(11,11): error TS1003: Identifier expected.
