Error3.tsx(3,1): error TS1005: '</' expected.
Error4.tsx(2,1): error TS1005: '</' expected.
Error5.tsx(3,1): error TS1005: '</' expected.
