labeledStatementDeclarationListInLoopNoCrash3.ts(15,12): error TS1005: ',' expected.
labeledStatementDeclarationListInLoopNoCrash3.ts(15,21): error TS1005: ',' expected.
labeledStatementDeclarationListInLoopNoCrash3.ts(15,23): error TS1135: Argument expression expected.
labeledStatementDeclarationListInLoopNoCrash3.ts(15,26): error TS1134: Variable declaration expected.
labeledStatementDeclarationListInLoopNoCrash3.ts(15,42): error TS1005: ')' expected.
labeledStatementDeclarationListInLoopNoCrash3.ts(15,61): error TS1005: ';' expected.
labeledStatementDeclarationListInLoopNoCrash3.ts(16,12): error TS1005: ';' expected.
labeledStatementDeclarationListInLoopNoCrash3.ts(16,23): error TS1134: Variable declaration expected.
labeledStatementDeclarationListInLoopNoCrash3.ts(16,39): error TS1005: ')' expected.
labeledStatementDeclarationListInLoopNoCrash3.ts(16,56): error TS1005: ';' expected.
labeledStatementDeclarationListInLoopNoCrash3.ts(22,1): error TS1160: Unterminated template literal.
