labeledStatementDeclarationListInLoopNoCrash4.ts(13,12): error TS1005: ',' expected.
labeledStatementDeclarationListInLoopNoCrash4.ts(13,21): error TS1005: ',' expected.
labeledStatementDeclarationListInLoopNoCrash4.ts(13,23): error TS1135: Argument expression expected.
labeledStatementDeclarationListInLoopNoCrash4.ts(13,26): error TS1134: Variable declaration expected.
labeledStatementDeclarationListInLoopNoCrash4.ts(13,42): error TS1005: ')' expected.
labeledStatementDeclarationListInLoopNoCrash4.ts(13,61): error TS1005: ';' expected.
labeledStatementDeclarationListInLoopNoCrash4.ts(14,12): error TS1005: ';' expected.
labeledStatementDeclarationListInLoopNoCrash4.ts(14,27): error TS1005: ',' expected.
labeledStatementDeclarationListInLoopNoCrash4.ts(20,1): error TS1005: '}' expected.
labeledStatementDeclarationListInLoopNoCrash4.ts(20,1): error TS1160: Unterminated template literal.
