logicalOrOperatorWithEveryType.ts(21,11): error TS1345: An expression of type 'void' cannot be tested for truthiness.
logicalOrOperatorWithEveryType.ts(32,11): error TS1345: An expression of type 'void' cannot be tested for truthiness.
logicalOrOperatorWithEveryType.ts(43,11): error TS1345: An expression of type 'void' cannot be tested for truthiness.
logicalOrOperatorWithEveryType.ts(54,11): error TS1345: An expression of type 'void' cannot be tested for truthiness.
logicalOrOperatorWithEveryType.ts(65,11): error TS1345: An expression of type 'void' cannot be tested for truthiness.
logicalOrOperatorWithEveryType.ts(76,11): error TS1345: An expression of type 'void' cannot be tested for truthiness.
logicalOrOperatorWithEveryType.ts(87,11): error TS1345: An expression of type 'void' cannot be tested for truthiness.
logicalOrOperatorWithEveryType.ts(98,11): error TS1345: An expression of type 'void' cannot be tested for truthiness.
logicalOrOperatorWithEveryType.ts(109,11): error TS1345: An expression of type 'void' cannot be tested for truthiness.
logicalOrOperatorWithEveryType.ts(120,11): error TS1345: An expression of type 'void' cannot be tested for truthiness.
