MemberFunctionDeclaration8_es6.ts(4,12): error TS1127: Invalid character.
MemberFunctionDeclaration8_es6.ts(4,14): error TS1109: Expression expected.
