missingCloseParenStatements.ts(2,26): error TS1005: ')' expected.
missingCloseParenStatements.ts(4,5): error TS1005: ')' expected.
missingCloseParenStatements.ts(8,39): error TS1005: ')' expected.
missingCloseParenStatements.ts(11,35): error TS1005: ')' expected.
