nestedGlobalNamespaceInClass.ts(3,5): error TS1068: Unexpected token. A constructor, method, accessor, or property was expected.
nestedGlobalNamespaceInClass.ts(3,12): error TS1005: ';' expected.
nestedGlobalNamespaceInClass.ts(4,1): error TS1128: Declaration or statement expected.
