subfolder/index.ts(2,11): error TS1309: The current file is a CommonJS module and cannot use 'await' at the top level.
subfolder/index.ts(4,5): error TS1309: The current file is a CommonJS module and cannot use 'await' at the top level.
