node_modules/inner/index.d.ts(3,22): error TS1479: The current file is a CommonJS module whose imports will produce 'require' calls; however, the referenced file is an ECMAScript module and cannot be imported with 'require'. Consider writing a dynamic 'import("inner/mjs")' call instead.
node_modules/inner/index.d.ts(5,1): error TS1036: Statements are not allowed in ambient contexts.
