NonInitializedExportInInternalModule.ts(2,8): error TS1123: Variable declaration list cannot be empty.
NonInitializedExportInInternalModule.ts(4,10): error TS1123: Variable declaration list cannot be empty.
