numericLiteralsWithTrailingDecimalPoints01.ts(3,3): error TS1351: An identifier or keyword cannot immediately follow a numeric literal.
numericLiteralsWithTrailingDecimalPoints01.ts(9,15): error TS1351: An identifier or keyword cannot immediately follow a numeric literal.
numericLiteralsWithTrailingDecimalPoints01.ts(9,23): error TS1005: ',' expected.
numericLiteralsWithTrailingDecimalPoints01.ts(9,24): error TS1109: Expression expected.
