objectLitArrayDeclNoNew.ts(22,20): error TS1011: An element access expression should take an argument.
objectLitArrayDeclNoNew.ts(27,1): error TS1128: Declaration or statement expected.
