objectBindingPatternKeywordIdentifiers02.ts(1,14): error TS1359: Identifier expected. 'while' is a reserved word that cannot be used here.
objectBindingPatternKeywordIdentifiers02.ts(1,20): error TS1005: ':' expected.
