octalIntegerLiteralError.ts(2,19): error TS1005: ',' expected.
octalIntegerLiteralError.ts(3,18): error TS1005: ',' expected.
