optionalPropertiesSyntax.ts(11,7): error TS1005: ';' expected.
optionalPropertiesSyntax.ts(11,8): error TS1131: Property or signature expected.
optionalPropertiesSyntax.ts(12,5): error TS1131: Property or signature expected.
optionalPropertiesSyntax.ts(18,11): error TS1005: ';' expected.
optionalPropertiesSyntax.ts(18,12): error TS1131: Property or signature expected.
optionalPropertiesSyntax.ts(32,18): error TS1005: ';' expected.
optionalPropertiesSyntax.ts(32,19): error TS1131: Property or signature expected.
optionalPropertiesSyntax.ts(33,5): error TS1131: Property or signature expected.
