overloadConsecutiveness.ts(3,14): error TS1144: '{' or ';' expected.
overloadConsecutiveness.ts(4,14): error TS1144: '{' or ';' expected.
overloadConsecutiveness.ts(5,17): error TS1128: Declaration or statement expected.
overloadConsecutiveness.ts(8,6): error TS1144: '{' or ';' expected.
overloadConsecutiveness.ts(9,6): error TS1144: '{' or ';' expected.
overloadConsecutiveness.ts(10,9): error TS1068: Unexpected token. A constructor, method, accessor, or property was expected.
