overloadingStaticFunctionsInFunctions.ts(1,14): error TS1005: '(' expected.
overloadingStaticFunctionsInFunctions.ts(2,3): error TS1128: Declaration or statement expected.
overloadingStaticFunctionsInFunctions.ts(3,3): error TS1128: Declaration or statement expected.
overloadingStaticFunctionsInFunctions.ts(3,19): error TS1005: ',' expected.
overloadingStaticFunctionsInFunctions.ts(4,3): error TS1128: Declaration or statement expected.
overloadingStaticFunctionsInFunctions.ts(4,20): error TS1109: Expression expected.
overloadingStaticFunctionsInFunctions.ts(4,25): error TS1005: ';' expected.
