override7.ts(11,14): error TS1040: 'override' modifier cannot be used in an ambient context.
override7.ts(13,14): error TS1029: 'override' modifier must precede 'readonly' modifier.
override7.ts(19,14): error TS1030: 'override' modifier already seen.
override7.ts(22,14): error TS1029: 'public' modifier must precede 'override' modifier.
override7.ts(24,5): error TS1089: 'override' modifier cannot appear on a constructor declaration.
override7.ts(36,14): error TS1029: 'abstract' modifier must precede 'override' modifier.
override7.ts(41,14): error TS1029: 'abstract' modifier must precede 'override' modifier.
