parametersSyntaxErrorNoCrash1.ts(3,28): error TS1005: ',' expected.
parametersSyntaxErrorNoCrash1.ts(3,32): error TS1005: ',' expected.
parametersSyntaxErrorNoCrash1.ts(4,12): error TS1005: ':' expected.
parametersSyntaxErrorNoCrash1.ts(4,15): error TS1005: ',' expected.
parametersSyntaxErrorNoCrash1.ts(5,2): error TS1005: ')' expected.
