parametersSyntaxErrorNoCrash3.ts(4,13): error TS1005: ':' expected.
parametersSyntaxErrorNoCrash3.ts(5,1): error TS1005: ':' expected.
parametersSyntaxErrorNoCrash3.ts(5,2): error TS1005: ')' expected.
