parametersSyntaxErrorNoCrash2.ts(3,44): error TS1005: ':' expected.
parametersSyntaxErrorNoCrash2.ts(3,51): error TS1005: ':' expected.
parametersSyntaxErrorNoCrash2.ts(3,54): error TS1005: ')' expected.
