parserMissingToken1.ts(1,5): error TS1109: Expression expected.
parserMissingToken1.ts(1,12): error TS1005: '{' expected.
