parserSkippedTokens16.ts(1,6): error TS1005: ';' expected.
parserSkippedTokens16.ts(1,8): error TS1434: Unexpected keyword or identifier.
parserSkippedTokens16.ts(2,22): error TS1127: Invalid character.
parserSkippedTokens16.ts(3,3): error TS1109: Expression expected.
parserSkippedTokens16.ts(6,5): error TS1138: Parameter declaration expected.
parserSkippedTokens16.ts(8,14): error TS1109: Expression expected.
