16.ts(1,1): error TS1434: Unexpected keyword or identifier.
29.ts(1,1): error TS1434: Unexpected keyword or identifier.
42.ts(1,1): error TS1434: Unexpected keyword or identifier.
47.ts(1,1): error TS1128: Declaration or statement expected.
48.ts(1,2): error TS1005: ';' expected.
49.ts(1,6): error TS1124: Digit expected.
50.ts(1,6): error TS1124: Digit expected.
