parserErrorRecovery_ModuleElement2.ts(7,1): error TS1128: Declaration or statement expected.
parserErrorRecovery_ModuleElement2.ts(8,1): error TS1128: Declaration or statement expected.
