parserErrorRecovery_ArgumentList6.ts(1,5): error TS1135: Argument expression expected.
parserErrorRecovery_ArgumentList6.ts(1,6): error TS1005: ')' expected.
