awaitMissingValueIsError.ts(2,10): error TS1109: Expression expected.
awaitParameterIsError.ts(1,21): error TS1359: Identifier expected. 'await' is a reserved word that cannot be used here.
nestedFunctionDeclarationNamedAwaitIsError.ts(2,14): error TS1359: Identifier expected. 'await' is a reserved word that cannot be used here.
nestedFunctionDeclarationNamedYieldIsError.ts(2,14): error TS1359: Identifier expected. 'yield' is a reserved word that cannot be used here.
nestedFunctionExpressionNamedAwaitIsError.ts(2,24): error TS1359: Identifier expected. 'yield' is a reserved word that cannot be used here.
nestedFunctionExpressionNamedYieldIsError.ts(2,24): error TS1359: Identifier expected. 'yield' is a reserved word that cannot be used here.
yieldParameterIsError.ts(1,21): error TS1359: Identifier expected. 'yield' is a reserved word that cannot be used here.
yieldStarMissingValueIsError.ts(2,12): error TS1109: Expression expected.
