parserUnparsedTokenCrash2.ts(1,10): error TS1109: Expression expected.
parserUnparsedTokenCrash2.ts(1,27): error TS1109: Expression expected.
parserUnparsedTokenCrash2.ts(1,39): error TS1005: ';' expected.
parserUnparsedTokenCrash2.ts(2,1): error TS1005: '}' expected.
