parserComputedPropertyName33.ts(4,12): error TS1005: ';' expected.
parserComputedPropertyName33.ts(5,1): error TS1128: Declaration or statement expected.
