parserArrowFunctionExpression3.ts(1,16): error TS1005: ')' expected.
parserArrowFunctionExpression3.ts(1,20): error TS1005: ';' expected.
