parserMemberFunctionDeclaration5.ts(2,5): error TS1031: 'declare' modifier cannot appear on class elements of this kind.
parserMemberFunctionDeclaration5.ts(2,19): error TS1183: An implementation cannot be declared in ambient contexts.
