parser645086_1.ts(1,13): error TS1005: ',' expected.
parser645086_1.ts(1,14): error TS1134: Variable declaration expected.
