parseUnmatchedTypeAssertion.ts(1,2): error TS1109: Expression expected.
parseUnmatchedTypeAssertion.ts(1,12): error TS1141: String literal expected.
parseUnmatchedTypeAssertion.ts(1,21): error TS1109: Expression expected.
parseUnmatchedTypeAssertion.ts(2,1): error TS1005: '{' expected.
