parserErrorRecovery_ArgumentList7.ts(1,7): error TS1135: Argument expression expected.
parserErrorRecovery_ArgumentList7.ts(1,8): error TS1005: ')' expected.
