parserPostfixUnaryExpression1.ts(1,8): error TS1005: ';' expected.
parserPostfixUnaryExpression1.ts(1,10): error TS1109: Expression expected.
