parserSkippedTokens17.ts(1,8): error TS1127: Invalid character.
parserSkippedTokens17.ts(1,9): error TS1005: ')' expected.
