parserErrorRecovery_ClassElement3.ts(2,4): error TS1127: Invalid character.
parserErrorRecovery_ClassElement3.ts(6,4): error TS1109: Expression expected.
parserErrorRecovery_ClassElement3.ts(7,4): error TS1127: Invalid character.
parserErrorRecovery_ClassElement3.ts(7,5): error TS1005: '}' expected.
