parserFuzz1.ts(1,9): error TS1005: ';' expected.
parserFuzz1.ts(2,3): error TS1434: Unexpected keyword or identifier.
parserFuzz1.ts(2,5): error TS1128: Declaration or statement expected.
parserFuzz1.ts(2,15): error TS1005: '{' expected.
