parserSkippedTokens18.ts(1,7): error TS1127: Invalid character.
parserSkippedTokens18.ts(1,8): error TS1005: ')' expected.
