privateNamesIncompatibleModifiers.ts(11,5): error TS1024: 'readonly' modifier can only appear on a property declaration or index signature.
privateNamesIncompatibleModifiers.ts(12,5): error TS1031: 'declare' modifier cannot appear on class elements of this kind.
privateNamesIncompatibleModifiers.ts(23,5): error TS1024: 'readonly' modifier can only appear on a property declaration or index signature.
privateNamesIncompatibleModifiers.ts(24,5): error TS1024: 'readonly' modifier can only appear on a property declaration or index signature.
privateNamesIncompatibleModifiers.ts(25,5): error TS1031: 'declare' modifier cannot appear on class elements of this kind.
privateNamesIncompatibleModifiers.ts(26,5): error TS1031: 'declare' modifier cannot appear on class elements of this kind.
privateNamesIncompatibleModifiers.ts(27,5): error TS1042: 'async' modifier cannot be used here.
privateNamesIncompatibleModifiers.ts(28,5): error TS1042: 'async' modifier cannot be used here.
privateNamesIncompatibleModifiers.ts(32,14): error TS1267: Property '#quux' cannot have an initializer because it is marked abstract.
