privacyImportParseErrors.ts(59,37): error TS1147: Import declarations in a namespace cannot reference a module.
privacyImportParseErrors.ts(69,37): error TS1147: Import declarations in a namespace cannot reference a module.
privacyImportParseErrors.ts(81,43): error TS1147: Import declarations in a namespace cannot reference a module.
privacyImportParseErrors.ts(82,43): error TS1147: Import declarations in a namespace cannot reference a module.
privacyImportParseErrors.ts(143,37): error TS1147: Import declarations in a namespace cannot reference a module.
privacyImportParseErrors.ts(153,37): error TS1147: Import declarations in a namespace cannot reference a module.
privacyImportParseErrors.ts(166,43): error TS1147: Import declarations in a namespace cannot reference a module.
privacyImportParseErrors.ts(167,43): error TS1147: Import declarations in a namespace cannot reference a module.
privacyImportParseErrors.ts(273,38): error TS1147: Import declarations in a namespace cannot reference a module.
privacyImportParseErrors.ts(277,45): error TS1147: Import declarations in a namespace cannot reference a module.
privacyImportParseErrors.ts(302,38): error TS1147: Import declarations in a namespace cannot reference a module.
privacyImportParseErrors.ts(306,45): error TS1147: Import declarations in a namespace cannot reference a module.
privacyImportParseErrors.ts(314,9): error TS1038: A 'declare' modifier cannot be used in an already ambient context.
privacyImportParseErrors.ts(326,9): error TS1029: 'export' modifier must precede 'declare' modifier.
privacyImportParseErrors.ts(328,9): error TS1038: A 'declare' modifier cannot be used in an already ambient context.
privacyImportParseErrors.ts(341,25): error TS1147: Import declarations in a namespace cannot reference a module.
privacyImportParseErrors.ts(344,29): error TS1147: Import declarations in a namespace cannot reference a module.
privacyImportParseErrors.ts(350,25): error TS1147: Import declarations in a namespace cannot reference a module.
privacyImportParseErrors.ts(353,29): error TS1147: Import declarations in a namespace cannot reference a module.
