propertyWrappedInTry.ts(3,5): error TS1068: Unexpected token. A constructor, method, accessor, or property was expected.
propertyWrappedInTry.ts(5,9): error TS1128: Declaration or statement expected.
propertyWrappedInTry.ts(11,5): error TS1128: Declaration or statement expected.
propertyWrappedInTry.ts(11,18): error TS1005: ';' expected.
propertyWrappedInTry.ts(17,1): error TS1128: Declaration or statement expected.
