staticsInConstructorBodies.ts(3,3): error TS1128: Declaration or statement expected.
staticsInConstructorBodies.ts(6,1): error TS1128: Declaration or statement expected.
