staticClassProps.ts(4,9): error TS1128: Declaration or statement expected.
staticClassProps.ts(6,1): error TS1128: Declaration or statement expected.
