staticAsIdentifier.ts(12,12): error TS1434: Unexpected keyword or identifier.
staticAsIdentifier.ts(16,12): error TS1434: Unexpected keyword or identifier.
