staticsInAFunction.ts(1,13): error TS1005: '(' expected.
staticsInAFunction.ts(2,4): error TS1128: Declaration or statement expected.
staticsInAFunction.ts(3,4): error TS1128: Declaration or statement expected.
staticsInAFunction.ts(3,20): error TS1005: ',' expected.
staticsInAFunction.ts(4,4): error TS1128: Declaration or statement expected.
staticsInAFunction.ts(4,21): error TS1109: Expression expected.
staticsInAFunction.ts(4,26): error TS1005: ';' expected.
