taggedTemplatesWithIncompleteTemplateExpressions2.ts(5,18): error TS1109: Expression expected.
taggedTemplatesWithIncompleteTemplateExpressions2.ts(5,21): error TS1109: Expression expected.
