taggedTemplatesWithIncompleteTemplateExpressions4.ts(5,24): error TS1109: Expression expected.
taggedTemplatesWithIncompleteTemplateExpressions4.ts(5,27): error TS1109: Expression expected.
taggedTemplatesWithIncompleteTemplateExpressions4.ts(5,28): error TS1005: '}' expected.
