taggedTemplatesWithIncompleteTemplateExpressions5.ts(5,29): error TS1109: Expression expected.
taggedTemplatesWithIncompleteTemplateExpressions5.ts(5,30): error TS1005: '}' expected.
