taggedTemplateChain.ts(2,4): error TS1358: Tagged template expressions are not permitted in an optional chain.
taggedTemplateChain.ts(4,4): error TS1358: Tagged template expressions are not permitted in an optional chain.
