templateStringInPropertyName2.ts(2,5): error TS1136: Property assignment expected.
templateStringInPropertyName2.ts(2,32): error TS1005: ',' expected.
templateStringInPropertyName2.ts(2,34): error TS1134: Variable declaration expected.
templateStringInPropertyName2.ts(3,1): error TS1128: Declaration or statement expected.
