templateStringInObjectLiteralES6.ts(3,5): error TS1136: Property assignment expected.
templateStringInObjectLiteralES6.ts(3,8): error TS1005: ',' expected.
templateStringInObjectLiteralES6.ts(3,10): error TS1134: Variable declaration expected.
templateStringInObjectLiteralES6.ts(4,1): error TS1128: Declaration or statement expected.
