templateStringInModuleName.ts(1,16): error TS1443: Module declaration names may only use ' or " quoted strings.
templateStringInModuleName.ts(4,16): error TS1443: Module declaration names may only use ' or " quoted strings.
