thisTypeInFunctionsNegative.ts(168,20): error TS1433: Neither decorators nor modifiers may be applied to 'this' parameters.
thisTypeInFunctionsNegative.ts(169,23): error TS1359: Identifier expected. 'this' is a reserved word that cannot be used here.
thisTypeInFunctionsNegative.ts(170,23): error TS1005: ',' expected.
thisTypeInFunctionsNegative.ts(171,20): error TS1433: Neither decorators nor modifiers may be applied to 'this' parameters.
thisTypeInFunctionsNegative.ts(172,30): error TS1005: ',' expected.
thisTypeInFunctionsNegative.ts(172,32): error TS1359: Identifier expected. 'new' is a reserved word that cannot be used here.
thisTypeInFunctionsNegative.ts(172,37): error TS1005: ',' expected.
thisTypeInFunctionsNegative.ts(172,38): error TS1109: Expression expected.
thisTypeInFunctionsNegative.ts(172,39): error TS1005: ';' expected.
thisTypeInFunctionsNegative.ts(172,40): error TS1128: Declaration or statement expected.
thisTypeInFunctionsNegative.ts(172,42): error TS1434: Unexpected keyword or identifier.
