TransportStream.ts(1,1): error TS1490: File appears to be binary.
TransportStream.ts(1,1): error TS1434: Unexpected keyword or identifier.
TransportStream.ts(1,3): error TS1127: Invalid character.
TransportStream.ts(1,4): error TS1128: Declaration or statement expected.
