file.tsx(10,8): error TS1003: Identifier expected.
file.tsx(10,10): error TS1005: ';' expected.
file.tsx(10,10): error TS1351: An identifier or keyword cannot immediately follow a numeric literal.
file.tsx(10,18): error TS1005: ':' expected.
file.tsx(10,21): error TS1109: Expression expected.
file.tsx(10,22): error TS1109: Expression expected.
file.tsx(11,8): error TS1003: Identifier expected.
file.tsx(11,13): error TS1005: ';' expected.
file.tsx(11,19): error TS1161: Unterminated regular expression literal.
