typeAssertions.ts(44,14): error TS1005: '>' expected.
typeAssertions.ts(44,17): error TS1005: ')' expected.
typeAssertions.ts(44,48): error TS1005: ';' expected.
typeAssertions.ts(48,41): error TS1005: ')' expected.
typeAssertions.ts(48,44): error TS1434: Unexpected keyword or identifier.
typeAssertions.ts(48,50): error TS1128: Declaration or statement expected.
