typePredicateOnVariableDeclaration02.ts(1,10): error TS1005: ',' expected.
typePredicateOnVariableDeclaration02.ts(1,13): error TS1005: ',' expected.
