typeSatisfaction_errorLocations1.ts(25,20): error TS1360: Type 'number' does not satisfy the expected type 'boolean'.
typeSatisfaction_errorLocations1.ts(31,20): error TS1360: Type 'readonly [10, "20"]' does not satisfy the expected type 'number[]'.
typeSatisfaction_errorLocations1.ts(43,16): error TS1360: Type 'string' does not satisfy the expected type 'number'.
