err1.d.ts(2,1): error TS1314: Global module exports may only appear in module files.
err2.d.ts(3,2): error TS1316: Global module exports may only appear at top level.
err3.d.ts(3,1): error TS1184: Modifiers cannot appear here.
err3.d.ts(4,1): error TS1184: Modifiers cannot appear here.
err3.d.ts(5,1): error TS1184: Modifiers cannot appear here.
err3.d.ts(6,7): error TS1389: 'export' is not allowed as a variable declaration name.
err4.d.ts(3,2): error TS1316: Global module exports may only appear at top level.
err5.ts(3,1): error TS1315: Global module exports may only appear in declaration files.
