unicodeExtendedEscapesInRegularExpressions07.ts(3,13): error TS1198: An extended Unicode escape value must be between 0x0 and 0x10FFFF inclusive.
unicodeExtendedEscapesInRegularExpressions07.ts(3,22): error TS1501: This regular expression flag is only available when targeting 'es6' or later.
