astralAsSurrogatePair.ts(1,11): error TS1127: Invalid character.
astralAsSurrogatePair.ts(1,17): error TS1127: Invalid character.
astralAsSurrogatePair.ts(1,23): error TS1127: Invalid character.
extendedEscapesForAstralsInVarsAndClasses.ts(2,5): error TS1127: Invalid character.
extendedEscapesForAstralsInVarsAndClasses.ts(2,7): error TS1134: Variable declaration expected.
extendedEscapesForAstralsInVarsAndClasses.ts(3,5): error TS1127: Invalid character.
extendedEscapesForAstralsInVarsAndClasses.ts(3,7): error TS1005: ',' expected.
extendedEscapesForAstralsInVarsAndClasses.ts(3,11): error TS1351: An identifier or keyword cannot immediately follow a numeric literal.
extendedEscapesForAstralsInVarsAndClasses.ts(6,5): error TS1127: Invalid character.
extendedEscapesForAstralsInVarsAndClasses.ts(6,8): error TS1128: Declaration or statement expected.
extendedEscapesForAstralsInVarsAndClasses.ts(9,5): error TS1127: Invalid character.
extendedEscapesForAstralsInVarsAndClasses.ts(9,6): error TS1434: Unexpected keyword or identifier.
extendedEscapesForAstralsInVarsAndClasses.ts(9,11): error TS1351: An identifier or keyword cannot immediately follow a numeric literal.
extendedEscapesForAstralsInVarsAndClasses.ts(13,5): error TS1127: Invalid character.
extendedEscapesForAstralsInVarsAndClasses.ts(13,6): error TS1434: Unexpected keyword or identifier.
extendedEscapesForAstralsInVarsAndClasses.ts(13,7): error TS1068: Unexpected token. A constructor, method, accessor, or property was expected.
extendedEscapesForAstralsInVarsAndClasses.ts(13,11): error TS1351: An identifier or keyword cannot immediately follow a numeric literal.
extendedEscapesForAstralsInVarsAndClasses.ts(13,14): error TS1128: Declaration or statement expected.
extendedEscapesForAstralsInVarsAndClasses.ts(14,19): error TS1005: ';' expected.
extendedEscapesForAstralsInVarsAndClasses.ts(15,14): error TS1127: Invalid character.
extendedEscapesForAstralsInVarsAndClasses.ts(15,15): error TS1434: Unexpected keyword or identifier.
extendedEscapesForAstralsInVarsAndClasses.ts(15,20): error TS1351: An identifier or keyword cannot immediately follow a numeric literal.
extendedEscapesForAstralsInVarsAndClasses.ts(17,15): error TS1005: ';' expected.
extendedEscapesForAstralsInVarsAndClasses.ts(18,21): error TS1127: Invalid character.
extendedEscapesForAstralsInVarsAndClasses.ts(20,1): error TS1128: Declaration or statement expected.
extendedEscapesForAstralsInVarsAndClasses.ts(22,13): error TS1127: Invalid character.
extendedEscapesForAstralsInVarsAndClasses.ts(22,16): error TS1134: Variable declaration expected.
extendedEscapesForAstralsInVarsAndClasses.ts(22,18): error TS1389: 'new' is not allowed as a variable declaration name.
extendedEscapesForAstralsInVarsAndClasses.ts(22,28): error TS1127: Invalid character.
extendedEscapesForAstralsInVarsAndClasses.ts(22,29): error TS1434: Unexpected keyword or identifier.
extendedEscapesForAstralsInVarsAndClasses.ts(22,34): error TS1351: An identifier or keyword cannot immediately follow a numeric literal.
extendedEscapesForAstralsInVarsAndClasses.ts(24,2): error TS1127: Invalid character.
extendedEscapesForAstralsInVarsAndClasses.ts(24,3): error TS1434: Unexpected keyword or identifier.
extendedEscapesForAstralsInVarsAndClasses.ts(24,8): error TS1351: An identifier or keyword cannot immediately follow a numeric literal.
extendedEscapesForAstralsInVarsAndClasses.ts(24,12): error TS1128: Declaration or statement expected.
