unicodeExtendedEscapesInTemplates17.ts(1,13): error TS1125: Hexadecimal digit expected.
unicodeExtendedEscapesInTemplates17.ts(1,18): error TS1125: Hexadecimal digit expected.
unicodeExtendedEscapesInTemplates17.ts(1,23): error TS1125: Hexadecimal digit expected.
