usingDeclarations.16.ts(2,5): error TS1545: 'using' declarations are not allowed in ambient contexts.
usingDeclarations.16.ts(3,5): error TS1545: 'using' declarations are not allowed in ambient contexts.
usingDeclarations.16.ts(6,5): error TS1545: 'using' declarations are not allowed in ambient contexts.
usingDeclarations.16.ts(7,5): error TS1545: 'using' declarations are not allowed in ambient contexts.
